{"/app/packages/api/src/helpers/error.ts": {"path":"/app/packages/api/src/helpers/error.ts","statementMap":{"0":{"start":{"line":2,"column":2},"end":{"line":8,"column":null}},"1":{"start":{"line":3,"column":4},"end":{"line":7,"column":null}},"2":{"start":{"line":9,"column":2},"end":{"line":9,"column":null}}},"fnMap":{"0":{"name":"redactError","decl":{"start":{"line":1,"column":16},"end":{"line":1,"column":28}},"loc":{"start":{"line":1,"column":42},"end":{"line":10,"column":null}},"line":1}},"branchMap":{"0":{"loc":{"start":{"line":2,"column":2},"end":{"line":8,"column":null}},"type":"if","locations":[{"start":{"line":2,"column":2},"end":{"line":8,"column":null}},{"start":{},"end":{}}],"line":2}},"s":{"0":1,"1":1,"2":0},"f":{"0":1},"b":{"0":[1,0]},"meta":{"lastBranch":1,"lastFunction":1,"lastStatement":3,"seen":{"f:1:16:1:28":0,"b:2:2:8:Infinity:undefined:undefined:undefined:undefined":0,"s:2:2:8:Infinity":0,"s:3:4:7:Infinity":1,"s:9:2:9:Infinity":2}}}
,"/app/packages/api/src/rest/loaders/tracker.ts": {"path":"/app/packages/api/src/rest/loaders/tracker.ts","statementMap":{"0":{"start":{"line":15,"column":33},"end":{"line":15,"column":null}},"1":{"start":{"line":17,"column":19},"end":{"line":24,"column":null}},"2":{"start":{"line":26,"column":30},"end":{"line":33,"column":null}},"3":{"start":{"line":26,"column":51},"end":{"line":33,"column":4}},"4":{"start":{"line":35,"column":2},"end":{"line":35,"column":null}}},"fnMap":{"0":{"name":"getLoader","decl":{"start":{"line":14,"column":30},"end":{"line":14,"column":40}},"loc":{"start":{"line":14,"column":52},"end":{"line":36,"column":null}},"line":14},"1":{"name":"(anonymous_1)","decl":{"start":{"line":26,"column":43},"end":{"line":26,"column":44}},"loc":{"start":{"line":26,"column":51},"end":{"line":33,"column":4}},"line":26}},"branchMap":{"0":{"loc":{"start":{"line":30,"column":15},"end":{"line":30,"column":null}},"type":"cond-expr","locations":[{"start":{"line":30,"column":29},"end":{"line":30,"column":53}},{"start":{"line":30,"column":53},"end":{"line":30,"column":null}}],"line":30}},"s":{"0":4,"1":4,"2":4,"3":4,"4":4},"f":{"0":4,"1":4},"b":{"0":[0,4]},"meta":{"lastBranch":1,"lastFunction":2,"lastStatement":5,"seen":{"f:14:30:14:40":0,"s:15:33:15:Infinity":0,"s:17:19:24:Infinity":1,"s:26:30:33:Infinity":2,"f:26:43:26:44":1,"s:26:51:33:4":3,"b:30:29:30:53:30:53:30:Infinity":0,"s:35:2:35:Infinity":4}}}
,"/app/packages/api/src/rest/routers/tracker.ts": {"path":"/app/packages/api/src/rest/routers/tracker.ts","statementMap":{"0":{"start":{"line":8,"column":19},"end":{"line":8,"column":null}},"1":{"start":{"line":10,"column":23},"end":{"line":13,"column":null}},"2":{"start":{"line":15,"column":0},"end":{"line":22,"column":null}},"3":{"start":{"line":16,"column":2},"end":{"line":21,"column":null}},"4":{"start":{"line":17,"column":21},"end":{"line":17,"column":null}},"5":{"start":{"line":18,"column":4},"end":{"line":18,"column":null}},"6":{"start":{"line":20,"column":4},"end":{"line":20,"column":null}},"7":{"start":{"line":24,"column":0},"end":{"line":79,"column":null}},"8":{"start":{"line":25,"column":2},"end":{"line":78,"column":null}},"9":{"start":{"line":26,"column":15},"end":{"line":26,"column":null}},"10":{"start":{"line":27,"column":4},"end":{"line":29,"column":null}},"11":{"start":{"line":28,"column":6},"end":{"line":28,"column":null}},"12":{"start":{"line":31,"column":27},"end":{"line":31,"column":null}},"13":{"start":{"line":32,"column":17},"end":{"line":32,"column":null}},"14":{"start":{"line":33,"column":19},"end":{"line":33,"column":null}},"15":{"start":{"line":35,"column":4},"end":{"line":37,"column":null}},"16":{"start":{"line":36,"column":6},"end":{"line":36,"column":null}},"17":{"start":{"line":39,"column":34},"end":{"line":39,"column":null}},"18":{"start":{"line":41,"column":22},"end":{"line":41,"column":null}},"19":{"start":{"line":42,"column":16},"end":{"line":42,"column":null}},"20":{"start":{"line":43,"column":21},"end":{"line":43,"column":null}},"21":{"start":{"line":44,"column":16},"end":{"line":44,"column":null}},"22":{"start":{"line":45,"column":16},"end":{"line":45,"column":null}},"23":{"start":{"line":47,"column":4},"end":{"line":49,"column":null}},"24":{"start":{"line":48,"column":6},"end":{"line":48,"column":null}},"25":{"start":{"line":51,"column":20},"end":{"line":57,"column":null}},"26":{"start":{"line":59,"column":34},"end":{"line":59,"column":null}},"27":{"start":{"line":60,"column":18},"end":{"line":60,"column":null}},"28":{"start":{"line":62,"column":17},"end":{"line":69,"column":null}},"29":{"start":{"line":71,"column":4},"end":{"line":71,"column":null}},"30":{"start":{"line":72,"column":21},"end":{"line":72,"column":null}},"31":{"start":{"line":74,"column":4},"end":{"line":74,"column":null}},"32":{"start":{"line":76,"column":4},"end":{"line":76,"column":null}},"33":{"start":{"line":77,"column":4},"end":{"line":77,"column":null}},"34":{"start":{"line":81,"column":0},"end":{"line":102,"column":null}},"35":{"start":{"line":82,"column":2},"end":{"line":101,"column":null}},"36":{"start":{"line":83,"column":15},"end":{"line":83,"column":null}},"37":{"start":{"line":84,"column":4},"end":{"line":86,"column":null}},"38":{"start":{"line":85,"column":6},"end":{"line":85,"column":null}},"39":{"start":{"line":88,"column":15},"end":{"line":88,"column":null}},"40":{"start":{"line":89,"column":27},"end":{"line":89,"column":null}},"41":{"start":{"line":91,"column":4},"end":{"line":96,"column":null}},"42":{"start":{"line":98,"column":4},"end":{"line":98,"column":null}},"43":{"start":{"line":100,"column":4},"end":{"line":100,"column":null}}},"fnMap":{"0":{"name":"(anonymous_0)","decl":{"start":{"line":15,"column":20},"end":{"line":15,"column":27}},"loc":{"start":{"line":15,"column":42},"end":{"line":22,"column":1}},"line":15},"1":{"name":"(anonymous_1)","decl":{"start":{"line":24,"column":29},"end":{"line":24,"column":36}},"loc":{"start":{"line":24,"column":51},"end":{"line":79,"column":1}},"line":24},"2":{"name":"(anonymous_2)","decl":{"start":{"line":81,"column":26},"end":{"line":81,"column":33}},"loc":{"start":{"line":81,"column":48},"end":{"line":102,"column":1}},"line":81}},"branchMap":{"0":{"loc":{"start":{"line":27,"column":4},"end":{"line":29,"column":null}},"type":"if","locations":[{"start":{"line":27,"column":4},"end":{"line":29,"column":null}},{"start":{},"end":{}}],"line":27},"1":{"loc":{"start":{"line":27,"column":8},"end":{"line":27,"column":54}},"type":"binary-expr","locations":[{"start":{"line":27,"column":8},"end":{"line":27,"column":32}},{"start":{"line":27,"column":32},"end":{"line":27,"column":54}}],"line":27},"2":{"loc":{"start":{"line":35,"column":4},"end":{"line":37,"column":null}},"type":"if","locations":[{"start":{"line":35,"column":4},"end":{"line":37,"column":null}},{"start":{},"end":{}}],"line":35},"3":{"loc":{"start":{"line":45,"column":16},"end":{"line":45,"column":null}},"type":"cond-expr","locations":[{"start":{"line":45,"column":28},"end":{"line":45,"column":69}},{"start":{"line":45,"column":69},"end":{"line":45,"column":null}}],"line":45},"4":{"loc":{"start":{"line":47,"column":4},"end":{"line":49,"column":null}},"type":"if","locations":[{"start":{"line":47,"column":4},"end":{"line":49,"column":null}},{"start":{},"end":{}}],"line":47},"5":{"loc":{"start":{"line":84,"column":4},"end":{"line":86,"column":null}},"type":"if","locations":[{"start":{"line":84,"column":4},"end":{"line":86,"column":null}},{"start":{},"end":{}}],"line":84},"6":{"loc":{"start":{"line":84,"column":8},"end":{"line":84,"column":54}},"type":"binary-expr","locations":[{"start":{"line":84,"column":8},"end":{"line":84,"column":32}},{"start":{"line":84,"column":32},"end":{"line":84,"column":54}}],"line":84}},"s":{"0":1,"1":1,"2":1,"3":1,"4":1,"5":1,"6":0,"7":1,"8":7,"9":7,"10":7,"11":1,"12":6,"13":6,"14":6,"15":6,"16":1,"17":5,"18":5,"19":5,"20":5,"21":5,"22":5,"23":7,"24":1,"25":4,"26":4,"27":4,"28":4,"29":4,"30":3,"31":3,"32":1,"33":1,"34":1,"35":4,"36":4,"37":4,"38":1,"39":3,"40":3,"41":3,"42":2,"43":1},"f":{"0":1,"1":7,"2":4},"b":{"0":[1,6],"1":[7,2],"2":[1,5],"3":[1,4],"4":[1,6],"5":[1,3],"6":[4,2]},"meta":{"lastBranch":7,"lastFunction":3,"lastStatement":44,"seen":{"s:8:19:8:Infinity":0,"s:10:23:13:Infinity":1,"s:15:0:22:Infinity":2,"f:15:20:15:27":0,"s:16:2:21:Infinity":3,"s:17:21:17:Infinity":4,"s:18:4:18:Infinity":5,"s:20:4:20:Infinity":6,"s:24:0:79:Infinity":7,"f:24:29:24:36":1,"s:25:2:78:Infinity":8,"s:26:15:26:Infinity":9,"b:27:4:29:Infinity:undefined:undefined:undefined:undefined":0,"s:27:4:29:Infinity":10,"b:27:8:27:32:27:32:27:54":1,"s:28:6:28:Infinity":11,"s:31:27:31:Infinity":12,"s:32:17:32:Infinity":13,"s:33:19:33:Infinity":14,"b:35:4:37:Infinity:undefined:undefined:undefined:undefined":2,"s:35:4:37:Infinity":15,"s:36:6:36:Infinity":16,"s:39:34:39:Infinity":17,"s:41:22:41:Infinity":18,"s:42:16:42:Infinity":19,"s:43:21:43:Infinity":20,"s:44:16:44:Infinity":21,"s:45:16:45:Infinity":22,"b:45:28:45:69:45:69:45:Infinity":3,"b:47:4:49:Infinity:undefined:undefined:undefined:undefined":4,"s:47:4:49:Infinity":23,"s:48:6:48:Infinity":24,"s:51:20:57:Infinity":25,"s:59:34:59:Infinity":26,"s:60:18:60:Infinity":27,"s:62:17:69:Infinity":28,"s:71:4:71:Infinity":29,"s:72:21:72:Infinity":30,"s:74:4:74:Infinity":31,"s:76:4:76:Infinity":32,"s:77:4:77:Infinity":33,"s:81:0:102:Infinity":34,"f:81:26:81:33":2,"s:82:2:101:Infinity":35,"s:83:15:83:Infinity":36,"b:84:4:86:Infinity:undefined:undefined:undefined:undefined":5,"s:84:4:86:Infinity":37,"b:84:8:84:32:84:32:84:54":6,"s:85:6:85:Infinity":38,"s:88:15:88:Infinity":39,"s:89:27:89:Infinity":40,"s:91:4:96:Infinity":41,"s:98:4:98:Infinity":42,"s:100:4:100:Infinity":43}}}
}
